#
# A fatal error has been detected by the Java Runtime Environment:
#
#  EXCEPTION_ACCESS_VIOLATION (0xc0000005) at pc=0x000000005fa25128, pid=6072, tid=0x0000000000001c04
#
# JRE version: Java(TM) SE Runtime Environment (8.0_144-b01) (build 1.8.0_144-b01)
# Java VM: Java HotSpot(TM) 64-Bit Server VM (25.144-b01 mixed mode windows-amd64 compressed oops)
# Problematic frame:
# V  [jvm.dll+0x115128]
#
# Failed to write core dump. Minidumps are not enabled by default on client versions of Windows
#
# If you would like to submit a bug report, please visit:
#   http://bugreport.java.com/bugreport/crash.jsp
#

---------------  T H R E A D  ---------------

Current thread (0x0000000002191000):  GCTaskThread [stack: 0x0000000012500000,0x0000000012600000] [id=7172]

siginfo: ExceptionCode=0xc0000005, reading address 0xffffffffffffffff

Registers:
RAX=0x0000000012710000, RBX=0x0000000000000002, RCX=0x0000000000000000, RDX=0x0000000000000000
RSP=0x00000000125ffaf0, RBP=0x0000000080e44160, RSI=0x00000000573f7870, RDI=0x00000000573f7870
R8 =0x007fffffffbfa000, R9 =0x0000000016ab8b68, R10=0x000000000000000c, R11=0x000000005ff12078
R12=0x0000000080e44168, R13=0x0000000016ab8fb0, R14=0x0000000016ab8fc0, R15=0x0000000080e44148
RIP=0x000000005fa25128, EFLAGS=0x0000000000010246

Top of Stack: (sp=0x00000000125ffaf0)
0x00000000125ffaf0:   0000000016ab8b68 0000000080e4410c
0x00000000125ffb00:   00000000573f7870 000000005fb2d992
0x00000000125ffb10:   0000000000000000 00000000000003d8
0x00000000125ffb20:   0000000002191d98 000000000218a3c0
0x00000000125ffb30:   0000000000000c5a 000000005fd08140
0x00000000125ffb40:   00000000573f7870 00000000573255a0
0x00000000125ffb50:   00000000573f7870 00000000021919c0
0x00000000125ffb60:   0000000000000000 0000000000000c00
0x00000000125ffb70:   0000000000000000 0000000000000000
0x00000000125ffb80:   0000000000000000 0000000059602800
0x00000000125ffb90:   0000000000000001 00000000d8289501
0x00000000125ffba0:   00007309ddb89db2 0000000002191d98
0x00000000125ffbb0:   00000000021919c0 00000000000003d8
0x00000000125ffbc0:   00000000021919c0 000000000218a3c0
0x00000000125ffbd0:   00000000021919b0 00000000573255a0
0x00000000125ffbe0:   00000000573f7870 000000005fd05183 

Instructions: (pc=0x000000005fa25128)
0x000000005fa25108:   05 43 87 70 00 49 c1 e8 03 49 d3 e8 41 0f b6 c0
0x000000005fa25118:   49 c1 e8 06 24 3f 0f b6 d0 48 8b 05 58 87 70 00
0x000000005fa25128:   4a 8b 0c c0 48 0f a3 d1 0f 82 59 01 00 00 0f b6
0x000000005fa25138:   15 a4 93 6f 00 84 d2 74 16 44 8b 43 08 8b 0d 5d 


Register to memory mapping:

RAX=0x0000000012710000 is an unknown value
RBX=0x0000000000000002 is an unknown value
RCX=0x0000000000000000 is an unknown value
RDX=0x0000000000000000 is an unknown value
RSP=0x00000000125ffaf0 is an unknown value
RBP=0x0000000080e44160 is pointing into object: 0x0000000080e44148
java.lang.reflect.Method 
 - klass: 'java/lang/reflect/Method'
RSI=0x00000000573f7870 is an unknown value
RDI=0x00000000573f7870 is an unknown value
R8 =0x007fffffffbfa000 is an unknown value
R9 =0x0000000016ab8b68 is pointing into metadata
R10=0x000000000000000c is an unknown value
R11=0x000000005ff12078 is an unknown value
R12=0x0000000080e44168 is pointing into object: 0x0000000080e44148
java.lang.reflect.Method 
 - klass: 'java/lang/reflect/Method'
R13=0x0000000016ab8fb0 is pointing into metadata
R14=0x0000000016ab8fc0 is pointing into metadata
R15=0x0000000080e44148 is an oop
java.lang.reflect.Method 
 - klass: 'java/lang/reflect/Method'


Stack: [0x0000000012500000,0x0000000012600000],  sp=0x00000000125ffaf0,  free space=1022k
Native frames: (J=compiled Java code, j=interpreted, Vv=VM code, C=native code)
V  [jvm.dll+0x115128]
V  [jvm.dll+0x3f8140]
V  [jvm.dll+0x3f5183]
V  [jvm.dll+0x3f2fde]
V  [jvm.dll+0x29ca6a]
C  [msvcr100.dll+0x21d9f]
C  [msvcr100.dll+0x21e3b]
C  [kernel32.dll+0x159cd]
C  [ntdll.dll+0x2a561]


---------------  P R O C E S S  ---------------

Java Threads: ( => current thread )
  0x0000000059602800 JavaThread "db4o WeakReference collector" daemon [_thread_blocked, id=4792, stack(0x000000005ad60000,0x000000005ae60000)]
  0x00000000599dd800 JavaThread "TimerQueue" daemon [_thread_blocked, id=7588, stack(0x000000005bc20000,0x000000005bd20000)]
  0x000000000213e000 JavaThread "DestroyJavaVM" [_thread_blocked, id=3552, stack(0x0000000002240000,0x0000000002340000)]
  0x00000000596de000 JavaThread "AWT-EventQueue-0" [_thread_blocked, id=6744, stack(0x000000005a610000,0x000000005a710000)]
  0x0000000059683000 JavaThread "AWT-Windows" daemon [_thread_blocked, id=8112, stack(0x000000005a320000,0x000000005a420000)]
  0x0000000059682000 JavaThread "AWT-Shutdown" [_thread_blocked, id=5348, stack(0x000000005a0b0000,0x000000005a1b0000)]
  0x000000005965e000 JavaThread "Java2D Disposer" daemon [_thread_blocked, id=1576, stack(0x0000000059f00000,0x000000005a000000)]
  0x0000000058c87000 JavaThread "Service Thread" daemon [_thread_blocked, id=2944, stack(0x00000000594d0000,0x00000000595d0000)]
  0x0000000058c03800 JavaThread "C1 CompilerThread2" daemon [_thread_blocked, id=7128, stack(0x00000000593c0000,0x00000000594c0000)]
  0x0000000058c02000 JavaThread "C2 CompilerThread1" daemon [_thread_blocked, id=6764, stack(0x00000000591c0000,0x00000000592c0000)]
  0x00000000574ac800 JavaThread "C2 CompilerThread0" daemon [_thread_blocked, id=5408, stack(0x0000000058a00000,0x0000000058b00000)]
  0x00000000574a6000 JavaThread "Attach Listener" daemon [_thread_blocked, id=7684, stack(0x0000000058b00000,0x0000000058c00000)]
  0x00000000574a4800 JavaThread "Signal Dispatcher" daemon [_thread_blocked, id=5080, stack(0x0000000058630000,0x0000000058730000)]
  0x0000000057484000 JavaThread "Finalizer" daemon [_thread_blocked, id=8116, stack(0x0000000058900000,0x0000000058a00000)]
  0x0000000057442800 JavaThread "Reference Handler" daemon [_thread_blocked, id=6996, stack(0x00000000587c0000,0x00000000588c0000)]

Other Threads:
  0x000000005743b000 VMThread [stack: 0x00000000584f0000,0x00000000585f0000] [id=8140]
  0x0000000058c8b800 WatcherThread [stack: 0x0000000059080000,0x0000000059180000] [id=7864]

=>0x0000000002191000 (exited) GCTaskThread [stack: 0x0000000012500000,0x0000000012600000] [id=7172]

VM state:at safepoint (normal execution)

VM Mutex/Monitor currently owned by a thread:  ([mutex/lock_event])
[0x000000000213c590] Threads_lock - owner thread: 0x000000005743b000
[0x000000000213ca90] Heap_lock - owner thread: 0x00000000596de000

Heap:
 PSYoungGen      total 37888K, used 3731K [0x00000000d5980000, 0x00000000d8880000, 0x0000000100000000)
  eden space 32768K, 0% used [0x00000000d5980000,0x00000000d5980000,0x00000000d7980000)
  from space 5120K, 72% used [0x00000000d7a00000,0x00000000d7da4d10,0x00000000d7f00000)
  to   space 7680K, 0% used [0x00000000d8100000,0x00000000d8100000,0x00000000d8880000)
 ParOldGen       total 87552K, used 9146K [0x0000000080c00000, 0x0000000086180000, 0x00000000d5980000)
  object space 87552K, 10% used [0x0000000080c00000,0x00000000814ee888,0x0000000086180000)
 Metaspace       used 20552K, capacity 21258K, committed 21296K, reserved 1067008K
  class space    used 2706K, capacity 2909K, committed 2944K, reserved 1048576K

Card table byte_map: [0x0000000011ac0000,0x0000000011ec0000] byte_map_base: 0x00000000116ba000

Marking Bits: (ParMarkBitMap*) 0x000000006012d850
 Begin Bits: [0x0000000012710000, 0x00000000146e0000)
 End Bits:   [0x00000000146e0000, 0x00000000166b0000)

Polling page: 0x0000000000360000

CodeCache: size=245760Kb used=11124Kb max_used=11124Kb free=234635Kb
 bounds [0x0000000002700000, 0x00000000031f0000, 0x0000000011700000]
 total_blobs=4158 nmethods=3631 adapters=436
 compilation: enabled

Compilation events (10 events):
Event: 152.944 Thread 0x0000000058c03800 3946       3       com.db4o.internal.ObjectReference::activateInternal (91 bytes)
Event: 152.945 Thread 0x0000000058c03800 nmethod 3946 0x00000000031e6f10 code [0x00000000031e7160, 0x00000000031e7ff8]
Event: 152.945 Thread 0x0000000058c03800 3947       3       com.db4o.internal.activation.FixedUpdateDepth::adjust (20 bytes)
Event: 152.945 Thread 0x0000000058c03800 nmethod 3947 0x00000000031e3f90 code [0x00000000031e4160, 0x00000000031e48a8]
Event: 152.945 Thread 0x0000000058c03800 3948       3       com.db4o.internal.ClassMetadata::cascadesOnDeleteOrUpdate (57 bytes)
Event: 152.946 Thread 0x0000000058c03800 nmethod 3948 0x00000000031e5c10 code [0x00000000031e5e20, 0x00000000031e6a28]
Event: 152.946 Thread 0x0000000058c03800 3942       3       com.db4o.internal.activation.LegacyActivationDepth::<init> (9 bytes)
Event: 152.946 Thread 0x0000000058c03800 nmethod 3942 0x00000000031e56d0 code [0x00000000031e5840, 0x00000000031e5ad0]
Event: 152.946 Thread 0x0000000058c03800 3943       3       com.db4o.internal.activation.LegacyActivationDepth::<init> (11 bytes)
Event: 152.946 Thread 0x0000000058c03800 nmethod 3943 0x00000000031e3b10 code [0x00000000031e3c80, 0x00000000031e3eb0]

GC Heap History (10 events):
Event: 1.521 GC heap after
Heap after GC invocations=1 (full 0):
 PSYoungGen      total 38400K, used 5117K [0x00000000d5980000, 0x00000000d8400000, 0x0000000100000000)
  eden space 33280K, 0% used [0x00000000d5980000,0x00000000d5980000,0x00000000d7a00000)
  from space 5120K, 99% used [0x00000000d7a00000,0x00000000d7eff4c0,0x00000000d7f00000)
  to   space 5120K, 0% used [0x00000000d7f00000,0x00000000d7f00000,0x00000000d8400000)
 ParOldGen       total 87552K, used 614K [0x0000000080c00000, 0x0000000086180000, 0x00000000d5980000)
  object space 87552K, 0% used [0x0000000080c00000,0x0000000080c99af0,0x0000000086180000)
 Metaspace       used 15277K, capacity 15612K, committed 15744K, reserved 1062912K
  class space    used 2072K, capacity 2168K, committed 2176K, reserved 1048576K
}
Event: 24.256 GC heap before
{Heap before GC invocations=2 (full 0):
 PSYoungGen      total 38400K, used 38397K [0x00000000d5980000, 0x00000000d8400000, 0x0000000100000000)
  eden space 33280K, 100% used [0x00000000d5980000,0x00000000d7a00000,0x00000000d7a00000)
  from space 5120K, 99% used [0x00000000d7a00000,0x00000000d7eff4c0,0x00000000d7f00000)
  to   space 5120K, 0% used [0x00000000d7f00000,0x00000000d7f00000,0x00000000d8400000)
 ParOldGen       total 87552K, used 614K [0x0000000080c00000, 0x0000000086180000, 0x00000000d5980000)
  object space 87552K, 0% used [0x0000000080c00000,0x0000000080c99af0,0x0000000086180000)
 Metaspace       used 18790K, capacity 19252K, committed 19456K, reserved 1067008K
  class space    used 2557K, capacity 2696K, committed 2816K, reserved 1048576K
Event: 24.264 GC heap after
Heap after GC invocations=2 (full 0):
 PSYoungGen      total 38400K, used 5107K [0x00000000d5980000, 0x00000000d8400000, 0x0000000100000000)
  eden space 33280K, 0% used [0x00000000d5980000,0x00000000d5980000,0x00000000d7a00000)
  from space 5120K, 99% used [0x00000000d7f00000,0x00000000d83fcfa0,0x00000000d8400000)
  to   space 5120K, 0% used [0x00000000d7a00000,0x00000000d7a00000,0x00000000d7f00000)
 ParOldGen       total 87552K, used 2004K [0x0000000080c00000, 0x0000000086180000, 0x00000000d5980000)
  object space 87552K, 2% used [0x0000000080c00000,0x0000000080df50c8,0x0000000086180000)
 Metaspace       used 18790K, capacity 19252K, committed 19456K, reserved 1067008K
  class space    used 2557K, capacity 2696K, committed 2816K, reserved 1048576K
}
Event: 69.868 GC heap before
{Heap before GC invocations=3 (full 0):
 PSYoungGen      total 38400K, used 38387K [0x00000000d5980000, 0x00000000d8400000, 0x0000000100000000)
  eden space 33280K, 100% used [0x00000000d5980000,0x00000000d7a00000,0x00000000d7a00000)
  from space 5120K, 99% used [0x00000000d7f00000,0x00000000d83fcfa0,0x00000000d8400000)
  to   space 5120K, 0% used [0x00000000d7a00000,0x00000000d7a00000,0x00000000d7f00000)
 ParOldGen       total 87552K, used 2004K [0x0000000080c00000, 0x0000000086180000, 0x00000000d5980000)
  object space 87552K, 2% used [0x0000000080c00000,0x0000000080df50c8,0x0000000086180000)
 Metaspace       used 19758K, capacity 20280K, committed 20608K, reserved 1067008K
  class space    used 2651K, capacity 2820K, committed 2944K, reserved 1048576K
Event: 69.892 GC heap after
Heap after GC invocations=3 (full 0):
 PSYoungGen      total 38400K, used 5107K [0x00000000d5980000, 0x00000000d8400000, 0x0000000100000000)
  eden space 33280K, 0% used [0x00000000d5980000,0x00000000d5980000,0x00000000d7a00000)
  from space 5120K, 99% used [0x00000000d7a00000,0x00000000d7efcfc0,0x00000000d7f00000)
  to   space 5120K, 0% used [0x00000000d7f00000,0x00000000d7f00000,0x00000000d8400000)
 ParOldGen       total 87552K, used 2704K [0x0000000080c00000, 0x0000000086180000, 0x00000000d5980000)
  object space 87552K, 3% used [0x0000000080c00000,0x0000000080ea40d8,0x0000000086180000)
 Metaspace       used 19758K, capacity 20280K, committed 20608K, reserved 1067008K
  class space    used 2651K, capacity 2820K, committed 2944K, reserved 1048576K
}
Event: 110.878 GC heap before
{Heap before GC invocations=4 (full 0):
 PSYoungGen      total 38400K, used 38387K [0x00000000d5980000, 0x00000000d8400000, 0x0000000100000000)
  eden space 33280K, 100% used [0x00000000d5980000,0x00000000d7a00000,0x00000000d7a00000)
  from space 5120K, 99% used [0x00000000d7a00000,0x00000000d7efcfc0,0x00000000d7f00000)
  to   space 5120K, 0% used [0x00000000d7f00000,0x00000000d7f00000,0x00000000d8400000)
 ParOldGen       total 87552K, used 2704K [0x0000000080c00000, 0x0000000086180000, 0x00000000d5980000)
  object space 87552K, 3% used [0x0000000080c00000,0x0000000080ea40d8,0x0000000086180000)
 Metaspace       used 20294K, capacity 20954K, committed 21120K, reserved 1067008K
  class space    used 2684K, capacity 2879K, committed 2944K, reserved 1048576K
Event: 110.885 GC heap after
Heap after GC invocations=4 (full 0):
 PSYoungGen      total 38400K, used 3715K [0x00000000d5980000, 0x00000000d8400000, 0x0000000100000000)
  eden space 33280K, 0% used [0x00000000d5980000,0x00000000d5980000,0x00000000d7a00000)
  from space 5120K, 72% used [0x00000000d7f00000,0x00000000d82a0d20,0x00000000d8400000)
  to   space 5120K, 0% used [0x00000000d7a00000,0x00000000d7a00000,0x00000000d7f00000)
 ParOldGen       total 87552K, used 9146K [0x0000000080c00000, 0x0000000086180000, 0x00000000d5980000)
  object space 87552K, 10% used [0x0000000080c00000,0x00000000814ee888,0x0000000086180000)
 Metaspace       used 20294K, capacity 20954K, committed 21120K, reserved 1067008K
  class space    used 2684K, capacity 2879K, committed 2944K, reserved 1048576K
}
Event: 152.947 GC heap before
{Heap before GC invocations=5 (full 0):
 PSYoungGen      total 38400K, used 22410K [0x00000000d5980000, 0x00000000d8400000, 0x0000000100000000)
  eden space 33280K, 56% used [0x00000000d5980000,0x00000000d6bc1cb8,0x00000000d7a00000)
  from space 5120K, 72% used [0x00000000d7f00000,0x00000000d82a0d20,0x00000000d8400000)
  to   space 5120K, 0% used [0x00000000d7a00000,0x00000000d7a00000,0x00000000d7f00000)
 ParOldGen       total 87552K, used 9146K [0x0000000080c00000, 0x0000000086180000, 0x00000000d5980000)
  object space 87552K, 10% used [0x0000000080c00000,0x00000000814ee888,0x0000000086180000)
 Metaspace       used 20552K, capacity 21258K, committed 21296K, reserved 1067008K
  class space    used 2706K, capacity 2909K, committed 2944K, reserved 1048576K
Event: 152.957 GC heap after
Heap after GC invocations=5 (full 0):
 PSYoungGen      total 37888K, used 3731K [0x00000000d5980000, 0x00000000d8880000, 0x0000000100000000)
  eden space 32768K, 0% used [0x00000000d5980000,0x00000000d5980000,0x00000000d7980000)
  from space 5120K, 72% used [0x00000000d7a00000,0x00000000d7da4d10,0x00000000d7f00000)
  to   space 7680K, 0% used [0x00000000d8100000,0x00000000d8100000,0x00000000d8880000)
 ParOldGen       total 87552K, used 9146K [0x0000000080c00000, 0x0000000086180000, 0x00000000d5980000)
  object space 87552K, 10% used [0x0000000080c00000,0x00000000814ee888,0x0000000086180000)
 Metaspace       used 20552K, capacity 21258K, committed 21296K, reserved 1067008K
  class space    used 2706K, capacity 2909K, committed 2944K, reserved 1048576K
}
Event: 152.957 GC heap before
{Heap before GC invocations=6 (full 1):
 PSYoungGen      total 37888K, used 3731K [0x00000000d5980000, 0x00000000d8880000, 0x0000000100000000)
  eden space 32768K, 0% used [0x00000000d5980000,0x00000000d5980000,0x00000000d7980000)
  from space 5120K, 72% used [0x00000000d7a00000,0x00000000d7da4d10,0x00000000d7f00000)
  to   space 7680K, 0% used [0x00000000d8100000,0x00000000d8100000,0x00000000d8880000)
 ParOldGen       total 87552K, used 9146K [0x0000000080c00000, 0x0000000086180000, 0x00000000d5980000)
  object space 87552K, 10% used [0x0000000080c00000,0x00000000814ee888,0x0000000086180000)
 Metaspace       used 20552K, capacity 21258K, committed 21296K, reserved 1067008K
  class space    used 2706K, capacity 2909K, committed 2944K, reserved 1048576K

Deoptimization events (10 events):
Event: 52.780 Thread 0x00000000596de000 Uncommon trap: reason=null_check action=make_not_entrant pc=0x0000000002fd8198 method=javax.swing.plaf.nimbus.NimbusDefaults$LazyStyle.matches(Ljava/awt/Component;I)Z @ 39
Event: 61.534 Thread 0x00000000596de000 Uncommon trap: reason=unstable_if action=reinterpret pc=0x0000000002f7c19c method=java.awt.EventQueue.getPriority(Ljava/awt/AWTEvent;)I @ 71
Event: 61.538 Thread 0x00000000596de000 Uncommon trap: reason=unstable_if action=reinterpret pc=0x0000000002e91cec method=java.lang.StrictMath.floorOrCeil(DDDD)D @ 14
Event: 62.544 Thread 0x00000000596de000 Uncommon trap: reason=unstable_if action=reinterpret pc=0x0000000002f9529c method=java.awt.EventQueue.eventToCacheIndex(Ljava/awt/AWTEvent;)I @ 71
Event: 80.285 Thread 0x00000000596de000 Uncommon trap: reason=unstable_if action=reinterpret pc=0x0000000002c3c0ac method=sun.java2d.pipe.Region.dimAdd(II)I @ 1
Event: 110.823 Thread 0x00000000596de000 Uncommon trap: reason=null_check action=make_not_entrant pc=0x0000000003108f04 method=com.db4o.reflect.jdk.JdkClass.isAssignableFrom(Lcom/db4o/reflect/ReflectClass;)Z @ 17
Event: 110.823 Thread 0x00000000596de000 Uncommon trap: reason=null_check action=make_not_entrant pc=0x0000000003107298 method=com.db4o.reflect.jdk.JdkClass.isAssignableFrom(Lcom/db4o/reflect/ReflectClass;)Z @ 17
Event: 123.235 Thread 0x00000000596de000 Uncommon trap: reason=unstable_if action=reinterpret pc=0x0000000002d1cd4c method=javax.swing.RepaintManager.addDirtyRegion0(Ljava/awt/Container;IIII)V @ 7
Event: 136.389 Thread 0x00000000596de000 Uncommon trap: reason=unstable_if action=reinterpret pc=0x0000000002f4f3d0 method=sun.java2d.pipe.Region.isInsideQuickCheck(Lsun/java2d/pipe/Region;)Z @ 48
Event: 136.390 Thread 0x00000000596de000 Uncommon trap: reason=unstable_if action=reinterpret pc=0x00000000030b75f0 method=sun.java2d.pipe.Region.isInsideXYXY(IIII)Z @ 21

Internal exceptions (10 events):
Event: 0.455 Thread 0x000000000213e000 Exception <a 'java/lang/ClassNotFoundException': ToggleButton> (0x00000000d5de1c20) thrown at [C:\re\workspace\8-2-build-windows-amd64-cygwin\jdk8u144\9417\hotspot\src\share\vm\classfile\systemDictionary.cpp, line 210]
Event: 0.455 Thread 0x000000000213e000 Exception <a 'java/lang/ClassNotFoundException': javax/swing/JToolBarSeparator> (0x00000000d5de2080) thrown at [C:\re\workspace\8-2-build-windows-amd64-cygwin\jdk8u144\9417\hotspot\src\share\vm\classfile\systemDictionary.cpp, line 210]
Event: 0.455 Thread 0x000000000213e000 Exception <a 'java/lang/ClassNotFoundException': ToolBarSeparator> (0x00000000d5de2518) thrown at [C:\re\workspace\8-2-build-windows-amd64-cygwin\jdk8u144\9417\hotspot\src\share\vm\classfile\systemDictionary.cpp, line 210]
Event: 0.456 Thread 0x000000000213e000 Exception <a 'java/lang/ClassNotFoundException': ToolTip> (0x00000000d5de2c58) thrown at [C:\re\workspace\8-2-build-windows-amd64-cygwin\jdk8u144\9417\hotspot\src\share\vm\classfile\systemDictionary.cpp, line 210]
Event: 0.458 Thread 0x000000000213e000 Exception <a 'java/lang/ClassNotFoundException': Tree> (0x00000000d5de3878) thrown at [C:\re\workspace\8-2-build-windows-amd64-cygwin\jdk8u144\9417\hotspot\src\share\vm\classfile\systemDictionary.cpp, line 210]
Event: 0.458 Thread 0x000000000213e000 Exception <a 'java/lang/ClassNotFoundException': Tree> (0x00000000d5de3fb8) thrown at [C:\re\workspace\8-2-build-windows-amd64-cygwin\jdk8u144\9417\hotspot\src\share\vm\classfile\systemDictionary.cpp, line 210]
Event: 0.458 Thread 0x000000000213e000 Exception <a 'java/lang/ClassNotFoundException': javax/swing/JTreeCell> (0x00000000d5de4338) thrown at [C:\re\workspace\8-2-build-windows-amd64-cygwin\jdk8u144\9417\hotspot\src\share\vm\classfile\systemDictionary.cpp, line 210]
Event: 0.458 Thread 0x000000000213e000 Exception <a 'java/lang/ClassNotFoundException': TreeCell> (0x00000000d5de47c0) thrown at [C:\re\workspace\8-2-build-windows-amd64-cygwin\jdk8u144\9417\hotspot\src\share\vm\classfile\systemDictionary.cpp, line 210]
Event: 0.459 Thread 0x000000000213e000 Exception <a 'java/lang/ClassNotFoundException': RootPane> (0x00000000d5de5220) thrown at [C:\re\workspace\8-2-build-windows-amd64-cygwin\jdk8u144\9417\hotspot\src\share\vm\classfile\systemDictionary.cpp, line 210]
Event: 52.780 Thread 0x00000000596de000 Implicit null exception at 0x0000000002fd4aa6 to 0x0000000002fd817d

Events (10 events):
Event: 136.390 Thread 0x00000000596de000 DEOPT PACKING pc=0x00000000030b75f0 sp=0x000000005a70c770
Event: 136.390 Thread 0x00000000596de000 DEOPT UNPACKING pc=0x000000000274582a sp=0x000000005a70c688 mode 2
Event: 152.721 Thread 0x0000000059602800 Thread added: 0x0000000059602800
Event: 152.775 Thread 0x0000000059603800 Thread added: 0x0000000059603800
Event: 152.776 Executing VM operation: RevokeBias
Event: 152.776 Executing VM operation: RevokeBias done
Event: 152.776 Executing VM operation: RevokeBias
Event: 152.777 Executing VM operation: RevokeBias done
Event: 152.777 Thread 0x0000000059603800 Thread exited: 0x0000000059603800
Event: 152.947 Executing VM operation: CollectForMetadataAllocation


Dynamic libraries:
0x000000013f420000 - 0x000000013f457000 	C:\Program Files\Java\jdk1.8.0_144\bin\java.exe
0x0000000076df0000 - 0x0000000076f9a000 	C:\Windows\SYSTEM32\ntdll.dll
0x000007fee86b0000 - 0x000007fee86e4000 	C:\Program Files\AVAST Software\Avast\x64\aswhooka.dll
0x0000000076bd0000 - 0x0000000076cef000 	C:\Windows\system32\kernel32.dll
0x000007fefcb10000 - 0x000007fefcb7a000 	C:\Windows\system32\KERNELBASE.dll
0x000007fefe8d0000 - 0x000007fefe9ab000 	C:\Windows\system32\ADVAPI32.dll
0x000007fefcea0000 - 0x000007fefcf3f000 	C:\Windows\system32\msvcrt.dll
0x000007fefe230000 - 0x000007fefe24f000 	C:\Windows\SYSTEM32\sechost.dll
0x000007fefe9b0000 - 0x000007fefeadd000 	C:\Windows\system32\RPCRT4.dll
0x0000000076cf0000 - 0x0000000076dea000 	C:\Windows\system32\USER32.dll
0x000007fefecc0000 - 0x000007fefed27000 	C:\Windows\system32\GDI32.dll
0x000007fefe8a0000 - 0x000007fefe8ae000 	C:\Windows\system32\LPK.dll
0x000007fefebf0000 - 0x000007fefecbb000 	C:\Windows\system32\USP10.dll
0x000007fefb200000 - 0x000007fefb3f4000 	C:\Windows\WinSxS\amd64_microsoft.windows.common-controls_6595b64144ccf1df_6.0.7601.18837_none_fa3b1e3d17594757\COMCTL32.dll
0x000007fefde70000 - 0x000007fefdee1000 	C:\Windows\system32\SHLWAPI.dll
0x000007fefebc0000 - 0x000007fefebee000 	C:\Windows\system32\IMM32.DLL
0x000007fefdef0000 - 0x000007fefdff9000 	C:\Windows\system32\MSCTF.dll
0x0000000061e00000 - 0x0000000061ed2000 	C:\Program Files\Java\jdk1.8.0_144\jre\bin\msvcr100.dll
0x000000005f910000 - 0x00000000601ad000 	C:\Program Files\Java\jdk1.8.0_144\jre\bin\server\jvm.dll
0x000007fef4170000 - 0x000007fef4179000 	C:\Windows\system32\WSOCK32.dll
0x000007fefe1e0000 - 0x000007fefe22d000 	C:\Windows\system32\WS2_32.dll
0x000007fefdcd0000 - 0x000007fefdcd8000 	C:\Windows\system32\NSI.dll
0x000007fef6f00000 - 0x000007fef6f3b000 	C:\Windows\system32\WINMM.dll
0x000007fefbaf0000 - 0x000007fefbafc000 	C:\Windows\system32\VERSION.dll
0x0000000076fb0000 - 0x0000000076fb7000 	C:\Windows\system32\PSAPI.DLL
0x00000000620b0000 - 0x00000000620bf000 	C:\Program Files\Java\jdk1.8.0_144\jre\bin\verify.dll
0x0000000061fc0000 - 0x0000000061fe9000 	C:\Program Files\Java\jdk1.8.0_144\jre\bin\java.dll
0x0000000061fa0000 - 0x0000000061fb6000 	C:\Program Files\Java\jdk1.8.0_144\jre\bin\zip.dll
0x000007fefcf40000 - 0x000007fefdcca000 	C:\Windows\system32\SHELL32.dll
0x000007fefe600000 - 0x000007fefe7fc000 	C:\Windows\system32\ole32.dll
0x000007fefcaf0000 - 0x000007fefcaff000 	C:\Windows\system32\profapi.dll
0x00000000605b0000 - 0x0000000060748000 	C:\Program Files\Java\jdk1.8.0_144\jre\bin\awt.dll
0x000007fefe520000 - 0x000007fefe5fa000 	C:\Windows\system32\OLEAUT32.dll
0x000007fefc760000 - 0x000007fefc7b6000 	C:\Windows\system32\uxtheme.dll
0x000007fefacc0000 - 0x000007fefacd8000 	C:\Windows\system32\dwmapi.dll
0x000007fefc980000 - 0x000007fefc98f000 	C:\Windows\system32\CRYPTBASE.dll
0x0000000061db0000 - 0x0000000061df7000 	C:\Program Files\Java\jdk1.8.0_144\jre\bin\fontmanager.dll
0x000007fee1d70000 - 0x000007fee1e8d000 	C:\Windows\system32\opengl32.dll
0x000007fee2450000 - 0x000007fee247d000 	C:\Windows\system32\GLU32.dll
0x000007fef3260000 - 0x000007fef3351000 	C:\Windows\system32\DDRAW.dll
0x000007fef4310000 - 0x000007fef4318000 	C:\Windows\system32\DCIMAN32.dll
0x000007fefe000000 - 0x000007fefe1d7000 	C:\Windows\system32\SETUPAPI.dll
0x000007fefce60000 - 0x000007fefce96000 	C:\Windows\system32\CFGMGR32.dll
0x000007fefcb80000 - 0x000007fefcb9a000 	C:\Windows\system32\DEVOBJ.dll
0x000007fefe800000 - 0x000007fefe899000 	C:\Windows\system32\CLBCatQ.DLL
0x000007fefaa10000 - 0x000007fefab71000 	C:\Windows\system32\WindowsCodecs.dll
0x000007fefc8e0000 - 0x000007fefc937000 	C:\Windows\system32\apphelp.dll
0x00000000727a0000 - 0x0000000072957000 	C:\Program Files\AVAST Software\Avast\ashShA64.dll
0x000007fefaeb0000 - 0x000007fefb0c7000 	C:\Windows\WinSxS\amd64_microsoft.windows.gdiplus_6595b64144ccf1df_1.1.7601.23894_none_145eb2808b8d6928\gdiplus.dll
0x000007fef9e70000 - 0x000007fef9e73000 	C:\Windows\system32\api-ms-win-core-synch-l1-2-0.DLL
0x000007fef8cc0000 - 0x000007fef8fde000 	C:\Windows\system32\msi.dll
0x000007fef8b00000 - 0x000007fef8b35000 	C:\Windows\system32\EhStorShell.dll
0x000007fefb0d0000 - 0x000007fefb1fc000 	C:\Windows\system32\PROPSYS.dll
0x000007fef8a80000 - 0x000007fef8afe000 	C:\Windows\System32\cscui.dll
0x000007fef8940000 - 0x000007fef894c000 	C:\Windows\System32\CSCDLL.dll
0x000007fef8930000 - 0x000007fef893f000 	C:\Windows\system32\CSCAPI.dll
0x000007fef88b0000 - 0x000007fef8930000 	C:\Windows\system32\ntshrui.dll
0x000007fefc7e0000 - 0x000007fefc803000 	C:\Windows\system32\srvcli.dll
0x000007fefa430000 - 0x000007fefa43b000 	C:\Windows\system32\slc.dll
0x0000000061f80000 - 0x0000000061f9a000 	C:\Program Files\Java\jdk1.8.0_144\jre\bin\net.dll
0x000007fefc1f0000 - 0x000007fefc245000 	C:\Windows\system32\mswsock.dll
0x000007fefc1e0000 - 0x000007fefc1e7000 	C:\Windows\System32\wship6.dll
0x0000000061f60000 - 0x0000000061f71000 	C:\Program Files\Java\jdk1.8.0_144\jre\bin\nio.dll
0x0000000061ad0000 - 0x0000000061b12000 	C:\Program Files\Java\jdk1.8.0_144\jre\bin\t2k.dll
0x0000000061aa0000 - 0x0000000061aca000 	C:\Program Files\Java\jdk1.8.0_144\jre\bin\dcpr.dll
0x000007fef7df0000 - 0x000007fef7f15000 	C:\Windows\system32\dbghelp.dll

VM Arguments:
jvm_args: -Dfile.encoding=UTF-8 
java_command: UserInterface.MainJFrame
java_class_path (initial): E:\AED\mainproject\Smile\db4o-8.0.249.16098-all-java5.jar;C:\Users\Home\Downloads\jcalendar-1.4.jar;C:\Users\Home\Documents\NetBeansProjects\Smile_trial\commons-lang3-3.7.jar;C:\Users\Home\Documents\NetBeansProjects\Smile_trial\org.apache.commons.io.jar;C:\Users\Home\Downloads\commons-lang3-3.7\commons-lang3-3.7.jar;C:\Users\Home\Documents\NetBeansProjects\Smile_trial\jfreechart-1.0.19-experimental.jar;C:\Users\Home\Documents\NetBeansProjects\Smile_trial\jfreechart-1.0.19-swt.jar;C:\Users\Home\Documents\NetBeansProjects\Smile_trial\jfreechart-1.0.19.jar;C:\Users\Home\Documents\NetBeansProjects\Smile_trial\jfreesvg-2.0.jar;C:\Users\Home\Documents\NetBeansProjects\Smile_trial\hamcrest-core-1.3.jar;C:\Users\Home\Documents\NetBeansProjects\Smile_trial\orsoncharts-1.4-eval-nofx.jar;C:\Users\Home\Documents\NetBeansProjects\Smile_trial\orsonpdf-1.6-eval.jar;C:\Users\Home\Documents\NetBeansProjects\Smile_trial\servlet.jar;C:\Users\Home\Documents\NetBeansProjects\Smile_trial\swtgraphics2d.jar;C:\Users\Home\Documents\NetBeansProjects\Smile_trial\junit-4.11.jar;C:\Users\Home\Documents\NetBeansProjects\Smile_trial\jcommon-1.0.23.jar;C:\Users\Home\Documents\NetBeansProjects\Smile_trial\build\classes
Launcher Type: SUN_STANDARD

Environment Variables:
PATH=C:\Windows\system32;C:\Windows;C:\Windows\System32\Wbem;C:\Windows\System32\WindowsPowerShell\v1.0\;C:\Program Files (x86)\ATI Technologies\ATI.ACE\Core-Static;C:\Program Files\Git\cmd;C:\Program Files\MySQL\MySQL Utilities 1.6\
USERNAME=Home
OS=Windows_NT
PROCESSOR_IDENTIFIER=Intel64 Family 6 Model 42 Stepping 7, GenuineIntel



---------------  S Y S T E M  ---------------

OS: Windows 7 , 64 bit Build 7601 (6.1.7601.23915)

CPU:total 4 (initial active 4) (2 cores per cpu, 2 threads per core) family 6 model 42 stepping 7, cmov, cx8, fxsr, mmx, sse, sse2, sse3, ssse3, sse4.1, sse4.2, popcnt, avx, aes, clmul, ht, tsc, tscinvbit

Memory: 4k page, physical 8335216k(2911552k free), swap 16668572k(9117032k free)

vm_info: Java HotSpot(TM) 64-Bit Server VM (25.144-b01) for windows-amd64 JRE (1.8.0_144-b01), built on Jul 21 2017 21:57:33 by "java_re" with MS VC++ 10.0 (VS2010)

time: Tue Dec 12 01:19:20 2017
elapsed time: 153 seconds (0d 0h 2m 33s)

