#
# A fatal error has been detected by the Java Runtime Environment:
#
#  EXCEPTION_ACCESS_VIOLATION (0xc0000005) at pc=0x000000005fe223f4, pid=5484, tid=0x0000000000001f08
#
# JRE version: Java(TM) SE Runtime Environment (8.0_144-b01) (build 1.8.0_144-b01)
# Java VM: Java HotSpot(TM) 64-Bit Server VM (25.144-b01 mixed mode windows-amd64 compressed oops)
# Problematic frame:
# V  [jvm.dll+0x5123f4]
#
# Failed to write core dump. Minidumps are not enabled by default on client versions of Windows
#
# If you would like to submit a bug report, please visit:
#   http://bugreport.java.com/bugreport/crash.jsp
#

---------------  T H R E A D  ---------------

Current thread (0x0000000058a83800):  JavaThread "C2 CompilerThread0" daemon [_thread_in_native, id=7944, stack(0x0000000058ec0000,0x0000000058fc0000)]

siginfo: ExceptionCode=0xc0000005, reading address 0xffffffffffffffff

Registers:
RAX=0x8b58000000005a56, RBX=0x00000000000000dd, RCX=0x0000000000000008, RDX=0x0000000000000001
RSP=0x0000000058fbc100, RBP=0x0000000058fbc200, RSI=0x000000005a568ac2, RDI=0x0000000058fbc5e0
R8 =0x000000005aaa2a00, R9 =0x000000005a568a08, R10=0x0000000000001000, R11=0x000000005a5689e8
R12=0x000000005a51d450, R13=0x0000000000000017, R14=0x000000005a46ae70, R15=0x000000005a46ae30
RIP=0x000000005fe223f4, EFLAGS=0x0000000000010216

Top of Stack: (sp=0x0000000058fbc100)
0x0000000058fbc100:   000000005a568a08 0000000000000001
0x0000000058fbc110:   000000005a568a08 000000005a51d450
0x0000000058fbc120:   000000005a46ae70 000000005a46ae30
0x0000000058fbc130:   0000000000000001 00000000ffffffff
0x0000000058fbc140:   000000005a51d450 0000004000000004
0x0000000058fbc150:   0000000000000000 0000000000000007
0x0000000058fbc160:   000000005a63aee0 0000000000000008
0x0000000058fbc170:   0000000059971290 0000000100000295
0x0000000058fbc180:   000000005a51d540 0000000000000010
0x0000000058fbc190:   000000005996f040 0000000000000295
0x0000000058fbc1a0:   0000000000000018 000000005a720c90
0x0000000058fbc1b0:   00000000001ecf58 000000005a71a3a0
0x0000000058fbc1c0:   000000005a722388 0000000058a80230
0x0000000058fbc1d0:   0000000000000000 0000000000000000
0x0000000058fbc1e0:   0000000000000000 0000000000000000
0x0000000058fbc1f0:   0000000000000000 0000000000124e40 

Instructions: (pc=0x000000005fe223f4)
0x000000005fe223d4:   07 00 00 83 7e 18 01 89 55 78 0f 86 fb 01 00 00
0x000000005fe223e4:   b9 08 00 00 00 48 89 4c 24 68 66 90 48 8b 46 08
0x000000005fe223f4:   4c 8b 24 01 4d 85 e4 75 2c 4c 8d 0d 6c 63 16 00
0x000000005fe22404:   4c 8d 05 dd 62 16 00 48 8d 0d 6e 62 16 00 ba 89 


Register to memory mapping:

RAX=0x8b58000000005a56 is an unknown value
RBX=0x00000000000000dd is an unknown value
RCX=0x0000000000000008 is an unknown value
RDX=0x0000000000000001 is an unknown value
RSP=0x0000000058fbc100 is pointing into the stack for thread: 0x0000000058a83800
RBP=0x0000000058fbc200 is pointing into the stack for thread: 0x0000000058a83800
RSI=0x000000005a568ac2 is an unknown value
RDI=0x0000000058fbc5e0 is pointing into the stack for thread: 0x0000000058a83800
R8 =0x000000005aaa2a00 is an unknown value
R9 =0x000000005a568a08 is an unknown value
R10=0x0000000000001000 is an unknown value
R11=0x000000005a5689e8 is an unknown value
R12=0x000000005a51d450 is an unknown value
R13=0x0000000000000017 is an unknown value
R14=0x000000005a46ae70 is an unknown value
R15=0x000000005a46ae30 is an unknown value


Stack: [0x0000000058ec0000,0x0000000058fc0000],  sp=0x0000000058fbc100,  free space=1008k
Native frames: (J=compiled Java code, j=interpreted, Vv=VM code, C=native code)
V  [jvm.dll+0x5123f4]
V  [jvm.dll+0x4693a3]
V  [jvm.dll+0x4745bb]
V  [jvm.dll+0x476ec7]
V  [jvm.dll+0x4598c2]
V  [jvm.dll+0xa5dc2]
V  [jvm.dll+0xa66ff]
V  [jvm.dll+0x24524f]
V  [jvm.dll+0x29ca6a]
C  [MSVCR100.dll+0x21d9f]
C  [MSVCR100.dll+0x21e3b]
C  [kernel32.dll+0x159cd]
C  [ntdll.dll+0x2a561]


Current CompileTask:
C2:   1918  557       4       com.sun.tools.javac.parser.JavacParser::term3Rest (705 bytes)


---------------  P R O C E S S  ---------------

Java Threads: ( => current thread )
  0x0000000058b04000 JavaThread "Service Thread" daemon [_thread_blocked, id=6800, stack(0x00000000590f0000,0x00000000591f0000)]
  0x0000000058a8c000 JavaThread "C1 CompilerThread2" daemon [_thread_blocked, id=7496, stack(0x0000000059660000,0x0000000059760000)]
  0x0000000058a8a800 JavaThread "C2 CompilerThread1" daemon [_thread_in_native, id=6836, stack(0x00000000594c0000,0x00000000595c0000)]
=>0x0000000058a83800 JavaThread "C2 CompilerThread0" daemon [_thread_in_native, id=7944, stack(0x0000000058ec0000,0x0000000058fc0000)]
  0x00000000578a3800 JavaThread "Attach Listener" daemon [_thread_blocked, id=7536, stack(0x0000000059260000,0x0000000059360000)]
  0x00000000578a2000 JavaThread "Signal Dispatcher" daemon [_thread_blocked, id=7256, stack(0x0000000058ff0000,0x00000000590f0000)]
  0x000000005788b000 JavaThread "Finalizer" daemon [_thread_blocked, id=7788, stack(0x0000000058860000,0x0000000058960000)]
  0x0000000057844000 JavaThread "Reference Handler" daemon [_thread_blocked, id=6972, stack(0x0000000058980000,0x0000000058a80000)]
  0x0000000001e68000 JavaThread "main" [_thread_in_Java, id=7444, stack(0x0000000002500000,0x0000000002600000)]

Other Threads:
  0x000000005783c800 VMThread [stack: 0x0000000058740000,0x0000000058840000] [id=1984]
  0x0000000058b10000 WatcherThread [stack: 0x00000000597a0000,0x00000000598a0000] [id=424]

VM state:not at safepoint (normal execution)

VM Mutex/Monitor currently owned by a thread: None

Heap:
 PSYoungGen      total 23552K, used 13980K [0x00000000d5980000, 0x00000000d7a00000, 0x0000000100000000)
  eden space 18944K, 55% used [0x00000000d5980000,0x00000000d63ade00,0x00000000d6c00000)
  from space 4608K, 77% used [0x00000000d6d80000,0x00000000d70f9508,0x00000000d7200000)
  to   space 7168K, 0% used [0x00000000d7300000,0x00000000d7300000,0x00000000d7a00000)
 ParOldGen       total 19456K, used 11280K [0x0000000080c00000, 0x0000000081f00000, 0x00000000d5980000)
  object space 19456K, 57% used [0x0000000080c00000,0x0000000081704168,0x0000000081f00000)
 Metaspace       used 8149K, capacity 8820K, committed 8960K, reserved 1056768K
  class space    used 922K, capacity 944K, committed 1024K, reserved 1048576K

Card table byte_map: [0x0000000011c90000,0x0000000012090000] byte_map_base: 0x000000001188a000

Marking Bits: (ParMarkBitMap*) 0x000000006012d850
 Begin Bits: [0x0000000012b10000, 0x0000000014ae0000)
 End Bits:   [0x0000000014ae0000, 0x0000000016ab0000)

Polling page: 0x0000000000150000

CodeCache: size=245760Kb used=4688Kb max_used=4688Kb free=241071Kb
 bounds [0x00000000028d0000, 0x0000000002d70000, 0x00000000118d0000]
 total_blobs=1375 nmethods=1087 adapters=200
 compilation: enabled

Compilation events (10 events):
Event: 1.870 Thread 0x0000000058a8c000 nmethod 1068 0x0000000002d4f290 code [0x0000000002d4f400, 0x0000000002d4f5f8]
Event: 1.870 Thread 0x0000000058a8c000 1069       2       com.sun.tools.javac.tree.JCTree$JCClassDecl::accept (6 bytes)
Event: 1.870 Thread 0x0000000058a8c000 nmethod 1069 0x0000000002d4f710 code [0x0000000002d4f880, 0x0000000002d4fa08]
Event: 1.870 Thread 0x0000000058a8c000 1062       2       java.util.EnumSet::typeCheck (59 bytes)
Event: 1.871 Thread 0x0000000058a8c000 nmethod 1062 0x0000000002d4fa90 code [0x0000000002d4fc60, 0x0000000002d50138]
Event: 1.871 Thread 0x0000000058a8c000 1064       1       com.sun.tools.javac.file.Locations$SimpleLocationHandler::getLocation (5 bytes)
Event: 1.871 Thread 0x0000000058a8c000 nmethod 1064 0x0000000002d50510 code [0x0000000002d50660, 0x0000000002d50770]
Event: 1.872 Thread 0x0000000058a8c000 1071       1       com.sun.tools.javac.code.Type::unannotatedType (2 bytes)
Event: 1.872 Thread 0x0000000058a8c000 nmethod 1071 0x0000000002d507d0 code [0x0000000002d50920, 0x0000000002d50a30]
Event: 1.872 Thread 0x0000000058a8c000 1072       2       com.sun.tools.javac.comp.Resolve::isAccessible (332 bytes)

GC Heap History (10 events):
Event: 0.782 GC heap before
{Heap before GC invocations=7 (full 0):
 PSYoungGen      total 12288K, used 12287K [0x00000000d5980000, 0x00000000d6980000, 0x0000000100000000)
  eden space 11264K, 100% used [0x00000000d5980000,0x00000000d6480000,0x00000000d6480000)
  from space 1024K, 99% used [0x00000000d6680000,0x00000000d677fea0,0x00000000d6780000)
  to   space 2048K, 0% used [0x00000000d6480000,0x00000000d6480000,0x00000000d6680000)
 ParOldGen       total 5632K, used 2287K [0x0000000080c00000, 0x0000000081180000, 0x00000000d5980000)
  object space 5632K, 40% used [0x0000000080c00000,0x0000000080e3bf50,0x0000000081180000)
 Metaspace       used 7505K, capacity 8276K, committed 8448K, reserved 1056768K
  class space    used 892K, capacity 912K, committed 1024K, reserved 1048576K
Event: 0.823 GC heap after
Heap after GC invocations=7 (full 0):
 PSYoungGen      total 13312K, used 2045K [0x00000000d5980000, 0x00000000d7680000, 0x0000000100000000)
  eden space 11264K, 0% used [0x00000000d5980000,0x00000000d5980000,0x00000000d6480000)
  from space 2048K, 99% used [0x00000000d6480000,0x00000000d667f748,0x00000000d6680000)
  to   space 3584K, 0% used [0x00000000d7300000,0x00000000d7300000,0x00000000d7680000)
 ParOldGen       total 5632K, used 4637K [0x0000000080c00000, 0x0000000081180000, 0x00000000d5980000)
  object space 5632K, 82% used [0x0000000080c00000,0x0000000081087748,0x0000000081180000)
 Metaspace       used 7505K, capacity 8276K, committed 8448K, reserved 1056768K
  class space    used 892K, capacity 912K, committed 1024K, reserved 1048576K
}
Event: 0.823 GC heap before
{Heap before GC invocations=8 (full 1):
 PSYoungGen      total 13312K, used 2045K [0x00000000d5980000, 0x00000000d7680000, 0x0000000100000000)
  eden space 11264K, 0% used [0x00000000d5980000,0x00000000d5980000,0x00000000d6480000)
  from space 2048K, 99% used [0x00000000d6480000,0x00000000d667f748,0x00000000d6680000)
  to   space 3584K, 0% used [0x00000000d7300000,0x00000000d7300000,0x00000000d7680000)
 ParOldGen       total 5632K, used 4637K [0x0000000080c00000, 0x0000000081180000, 0x00000000d5980000)
  object space 5632K, 82% used [0x0000000080c00000,0x0000000081087748,0x0000000081180000)
 Metaspace       used 7505K, capacity 8276K, committed 8448K, reserved 1056768K
  class space    used 892K, capacity 912K, committed 1024K, reserved 1048576K
Event: 0.976 GC heap after
Heap after GC invocations=8 (full 1):
 PSYoungGen      total 13312K, used 960K [0x00000000d5980000, 0x00000000d7680000, 0x0000000100000000)
  eden space 11264K, 0% used [0x00000000d5980000,0x00000000d5980000,0x00000000d6480000)
  from space 2048K, 46% used [0x00000000d6480000,0x00000000d6570260,0x00000000d6680000)
  to   space 3584K, 0% used [0x00000000d7300000,0x00000000d7300000,0x00000000d7680000)
 ParOldGen       total 10240K, used 5402K [0x0000000080c00000, 0x0000000081600000, 0x00000000d5980000)
  object space 10240K, 52% used [0x0000000080c00000,0x0000000081146ac8,0x0000000081600000)
 Metaspace       used 7505K, capacity 8276K, committed 8448K, reserved 1056768K
  class space    used 892K, capacity 912K, committed 1024K, reserved 1048576K
}
Event: 1.129 GC heap before
{Heap before GC invocations=9 (full 1):
 PSYoungGen      total 13312K, used 12162K [0x00000000d5980000, 0x00000000d7680000, 0x0000000100000000)
  eden space 11264K, 99% used [0x00000000d5980000,0x00000000d64706d0,0x00000000d6480000)
  from space 2048K, 46% used [0x00000000d6480000,0x00000000d6570260,0x00000000d6680000)
  to   space 3584K, 0% used [0x00000000d7300000,0x00000000d7300000,0x00000000d7680000)
 ParOldGen       total 10240K, used 5402K [0x0000000080c00000, 0x0000000081600000, 0x00000000d5980000)
  object space 10240K, 52% used [0x0000000080c00000,0x0000000081146ac8,0x0000000081600000)
 Metaspace       used 7603K, capacity 8372K, committed 8704K, reserved 1056768K
  class space    used 898K, capacity 944K, committed 1024K, reserved 1048576K
Event: 1.156 GC heap after
Heap after GC invocations=9 (full 1):
 PSYoungGen      total 18944K, used 3575K [0x00000000d5980000, 0x00000000d7680000, 0x0000000100000000)
  eden space 15360K, 0% used [0x00000000d5980000,0x00000000d5980000,0x00000000d6880000)
  from space 3584K, 99% used [0x00000000d7300000,0x00000000d767dcf8,0x00000000d7680000)
  to   space 4608K, 0% used [0x00000000d6d80000,0x00000000d6d80000,0x00000000d7200000)
 ParOldGen       total 10240K, used 6244K [0x0000000080c00000, 0x0000000081600000, 0x00000000d5980000)
  object space 10240K, 60% used [0x0000000080c00000,0x0000000081219368,0x0000000081600000)
 Metaspace       used 7603K, capacity 8372K, committed 8704K, reserved 1056768K
  class space    used 898K, capacity 944K, committed 1024K, reserved 1048576K
}
Event: 1.416 GC heap before
{Heap before GC invocations=10 (full 1):
 PSYoungGen      total 18944K, used 18935K [0x00000000d5980000, 0x00000000d7680000, 0x0000000100000000)
  eden space 15360K, 100% used [0x00000000d5980000,0x00000000d6880000,0x00000000d6880000)
  from space 3584K, 99% used [0x00000000d7300000,0x00000000d767dcf8,0x00000000d7680000)
  to   space 4608K, 0% used [0x00000000d6d80000,0x00000000d6d80000,0x00000000d7200000)
 ParOldGen       total 10240K, used 6244K [0x0000000080c00000, 0x0000000081600000, 0x00000000d5980000)
  object space 10240K, 60% used [0x0000000080c00000,0x0000000081219368,0x0000000081600000)
 Metaspace       used 7866K, capacity 8564K, committed 8704K, reserved 1056768K
  class space    used 917K, capacity 944K, committed 1024K, reserved 1048576K
Event: 1.447 GC heap after
Heap after GC invocations=10 (full 1):
 PSYoungGen      total 23552K, used 4599K [0x00000000d5980000, 0x00000000d7a00000, 0x0000000100000000)
  eden space 18944K, 0% used [0x00000000d5980000,0x00000000d5980000,0x00000000d6c00000)
  from space 4608K, 99% used [0x00000000d6d80000,0x00000000d71fdcb8,0x00000000d7200000)
  to   space 7168K, 0% used [0x00000000d7300000,0x00000000d7300000,0x00000000d7a00000)
 ParOldGen       total 11776K, used 10865K [0x0000000080c00000, 0x0000000081780000, 0x00000000d5980000)
  object space 11776K, 92% used [0x0000000080c00000,0x000000008169c6c0,0x0000000081780000)
 Metaspace       used 7866K, capacity 8564K, committed 8704K, reserved 1056768K
  class space    used 917K, capacity 944K, committed 1024K, reserved 1048576K
}
Event: 1.447 GC heap before
{Heap before GC invocations=11 (full 2):
 PSYoungGen      total 23552K, used 4599K [0x00000000d5980000, 0x00000000d7a00000, 0x0000000100000000)
  eden space 18944K, 0% used [0x00000000d5980000,0x00000000d5980000,0x00000000d6c00000)
  from space 4608K, 99% used [0x00000000d6d80000,0x00000000d71fdcb8,0x00000000d7200000)
  to   space 7168K, 0% used [0x00000000d7300000,0x00000000d7300000,0x00000000d7a00000)
 ParOldGen       total 11776K, used 10865K [0x0000000080c00000, 0x0000000081780000, 0x00000000d5980000)
  object space 11776K, 92% used [0x0000000080c00000,0x000000008169c6c0,0x0000000081780000)
 Metaspace       used 7866K, capacity 8564K, committed 8704K, reserved 1056768K
  class space    used 917K, capacity 944K, committed 1024K, reserved 1048576K
Event: 1.667 GC heap after
Heap after GC invocations=11 (full 2):
 PSYoungGen      total 23552K, used 3557K [0x00000000d5980000, 0x00000000d7a00000, 0x0000000100000000)
  eden space 18944K, 0% used [0x00000000d5980000,0x00000000d5980000,0x00000000d6c00000)
  from space 4608K, 77% used [0x00000000d6d80000,0x00000000d70f9508,0x00000000d7200000)
  to   space 7168K, 0% used [0x00000000d7300000,0x00000000d7300000,0x00000000d7a00000)
 ParOldGen       total 19456K, used 11280K [0x0000000080c00000, 0x0000000081f00000, 0x00000000d5980000)
  object space 19456K, 57% used [0x0000000080c00000,0x0000000081704168,0x0000000081f00000)
 Metaspace       used 7866K, capacity 8564K, committed 8704K, reserved 1056768K
  class space    used 917K, capacity 944K, committed 1024K, reserved 1048576K
}

Deoptimization events (10 events):
Event: 0.160 Thread 0x0000000001e68000 Uncommon trap: reason=unstable_if action=reinterpret pc=0x0000000002a1b728 method=java.io.BufferedReader.read()I @ 19
Event: 0.161 Thread 0x0000000001e68000 Uncommon trap: reason=unstable_if action=reinterpret pc=0x0000000002a1b154 method=java.io.BufferedReader.read()I @ 19
Event: 0.332 Thread 0x0000000001e68000 Uncommon trap: reason=null_check action=make_not_entrant pc=0x0000000002a69d68 method=java.lang.String.equals(Ljava/lang/Object;)Z @ 8
Event: 0.415 Thread 0x0000000001e68000 Uncommon trap: reason=unstable_if action=reinterpret pc=0x0000000002a5990c method=java.lang.String.replace(CC)Ljava/lang/String; @ 26
Event: 0.430 Thread 0x0000000001e68000 Uncommon trap: reason=class_check action=maybe_recompile pc=0x0000000002a900a4 method=sun.misc.URLClassPath.getLoader(I)Lsun/misc/URLClassPath$Loader; @ 94
Event: 0.502 Thread 0x0000000001e68000 Uncommon trap: reason=unstable_if action=reinterpret pc=0x0000000002aeb040 method=com.sun.tools.javac.util.Name$Table.equals([BI[BII)Z @ 22
Event: 0.562 Thread 0x0000000001e68000 Uncommon trap: reason=unstable_if action=reinterpret pc=0x0000000002a8879c method=java.lang.String.<init>([CII)V @ 18
Event: 0.626 Thread 0x0000000001e68000 Uncommon trap: reason=unstable_if action=reinterpret pc=0x0000000002b77584 method=com.sun.tools.javac.parser.JavaTokenizer.readToken()Lcom/sun/tools/javac/parser/Tokens$Token; @ 961
Event: 0.659 Thread 0x0000000001e68000 Uncommon trap: reason=unstable_if action=reinterpret pc=0x0000000002b71250 method=com.sun.tools.javac.util.Position$LineMapImpl.build([CI)V @ 42
Event: 0.659 Thread 0x0000000001e68000 Uncommon trap: reason=unstable_if action=reinterpret pc=0x0000000002b6c560 method=com.sun.tools.javac.util.Position$LineMapImpl.build([CI)V @ 42

Internal exceptions (10 events):
Event: 0.030 Thread 0x0000000001e68000 Exception <a 'java/lang/NoSuchMethodError': Method sun.misc.Unsafe.prefetchRead(Ljava/lang/Object;J)V name or signature does not match> (0x00000000d5987fc0) thrown at [C:\re\workspace\8-2-build-windows-amd64-cygwin\jdk8u144\9417\hotspot\src\share\vm\prims
Event: 0.134 Thread 0x0000000001e68000 Exception <a 'java/security/PrivilegedActionException'> (0x00000000d5afd998) thrown at [C:\re\workspace\8-2-build-windows-amd64-cygwin\jdk8u144\9417\hotspot\src\share\vm\prims\jvm.cpp, line 1390]
Event: 0.135 Thread 0x0000000001e68000 Exception <a 'java/security/PrivilegedActionException'> (0x00000000d5afdd90) thrown at [C:\re\workspace\8-2-build-windows-amd64-cygwin\jdk8u144\9417\hotspot\src\share\vm\prims\jvm.cpp, line 1390]
Event: 0.137 Thread 0x0000000001e68000 Exception <a 'java/security/PrivilegedActionException'> (0x00000000d5981ed0) thrown at [C:\re\workspace\8-2-build-windows-amd64-cygwin\jdk8u144\9417\hotspot\src\share\vm\prims\jvm.cpp, line 1390]
Event: 0.137 Thread 0x0000000001e68000 Exception <a 'java/security/PrivilegedActionException'> (0x00000000d59822c8) thrown at [C:\re\workspace\8-2-build-windows-amd64-cygwin\jdk8u144\9417\hotspot\src\share\vm\prims\jvm.cpp, line 1390]
Event: 0.141 Thread 0x0000000001e68000 Exception <a 'java/security/PrivilegedActionException'> (0x00000000d59b77c0) thrown at [C:\re\workspace\8-2-build-windows-amd64-cygwin\jdk8u144\9417\hotspot\src\share\vm\prims\jvm.cpp, line 1390]
Event: 0.141 Thread 0x0000000001e68000 Exception <a 'java/security/PrivilegedActionException'> (0x00000000d59b7bb8) thrown at [C:\re\workspace\8-2-build-windows-amd64-cygwin\jdk8u144\9417\hotspot\src\share\vm\prims\jvm.cpp, line 1390]
Event: 0.332 Thread 0x0000000001e68000 Implicit null exception at 0x0000000002a69b92 to 0x0000000002a69d59
Event: 1.199 Thread 0x0000000001e68000 Exception <a 'java/io/FileNotFoundException'> (0x00000000d5dfb8a0) thrown at [C:\re\workspace\8-2-build-windows-amd64-cygwin\jdk8u144\9417\hotspot\src\share\vm\prims\jni.cpp, line 709]
Event: 1.202 Thread 0x0000000001e68000 Exception <a 'java/io/FileNotFoundException'> (0x00000000d5e2fd08) thrown at [C:\re\workspace\8-2-build-windows-amd64-cygwin\jdk8u144\9417\hotspot\src\share\vm\prims\jni.cpp, line 709]

Events (10 events):
Event: 1.682 loading class com/sun/tools/javac/comp/MemberEnter$6
Event: 1.682 loading class com/sun/tools/javac/comp/MemberEnter$6 done
Event: 1.685 loading class com/sun/tools/javac/tree/TreeMaker$1
Event: 1.685 loading class com/sun/tools/javac/tree/TreeMaker$1 done
Event: 1.695 loading class com/sun/tools/javac/code/Types$27
Event: 1.695 loading class com/sun/tools/javac/code/Types$27 done
Event: 1.739 loading class com/sun/tools/javac/code/Symbol$VarSymbol$2
Event: 1.739 loading class com/sun/tools/javac/code/Symbol$VarSymbol$2 done
Event: 1.739 loading class java/util/concurrent/Callable
Event: 1.739 loading class java/util/concurrent/Callable done


Dynamic libraries:
0x000000013f560000 - 0x000000013f567000 	C:\Program Files\Java\jdk1.8.0_144\bin\javac.exe
0x0000000076df0000 - 0x0000000076f9a000 	C:\Windows\SYSTEM32\ntdll.dll
0x000007fee86b0000 - 0x000007fee86e4000 	C:\Program Files\AVAST Software\Avast\x64\aswhooka.dll
0x0000000076bd0000 - 0x0000000076cef000 	C:\Windows\system32\kernel32.dll
0x000007fefcb10000 - 0x000007fefcb7a000 	C:\Windows\system32\KERNELBASE.dll
0x0000000060b30000 - 0x0000000060b5f000 	C:\Program Files\Java\jdk1.8.0_144\bin\jli.dll
0x000007fefe8d0000 - 0x000007fefe9ab000 	C:\Windows\system32\ADVAPI32.dll
0x000007fefcea0000 - 0x000007fefcf3f000 	C:\Windows\system32\msvcrt.dll
0x000007fefe230000 - 0x000007fefe24f000 	C:\Windows\SYSTEM32\sechost.dll
0x000007fefe9b0000 - 0x000007fefeadd000 	C:\Windows\system32\RPCRT4.dll
0x000007fefb200000 - 0x000007fefb3f4000 	C:\Windows\WinSxS\amd64_microsoft.windows.common-controls_6595b64144ccf1df_6.0.7601.18837_none_fa3b1e3d17594757\COMCTL32.dll
0x000007fefecc0000 - 0x000007fefed27000 	C:\Windows\system32\GDI32.dll
0x0000000076cf0000 - 0x0000000076dea000 	C:\Windows\system32\USER32.dll
0x000007fefe8a0000 - 0x000007fefe8ae000 	C:\Windows\system32\LPK.dll
0x000007fefebf0000 - 0x000007fefecbb000 	C:\Windows\system32\USP10.dll
0x000007fefde70000 - 0x000007fefdee1000 	C:\Windows\system32\SHLWAPI.dll
0x00000000603f0000 - 0x00000000604c2000 	C:\Program Files\Java\jdk1.8.0_144\bin\MSVCR100.dll
0x000007fefebc0000 - 0x000007fefebee000 	C:\Windows\system32\IMM32.DLL
0x000007fefdef0000 - 0x000007fefdff9000 	C:\Windows\system32\MSCTF.dll
0x0000000061e00000 - 0x0000000061ed2000 	C:\Program Files\Java\jdk1.8.0_144\jre\bin\msvcr100.dll
0x000000005f910000 - 0x00000000601ad000 	C:\Program Files\Java\jdk1.8.0_144\jre\bin\server\jvm.dll
0x000007fef4170000 - 0x000007fef4179000 	C:\Windows\system32\WSOCK32.dll
0x000007fefe1e0000 - 0x000007fefe22d000 	C:\Windows\system32\WS2_32.dll
0x000007fefdcd0000 - 0x000007fefdcd8000 	C:\Windows\system32\NSI.dll
0x000007fef6f00000 - 0x000007fef6f3b000 	C:\Windows\system32\WINMM.dll
0x000007fefbaf0000 - 0x000007fefbafc000 	C:\Windows\system32\VERSION.dll
0x0000000076fb0000 - 0x0000000076fb7000 	C:\Windows\system32\PSAPI.DLL
0x00000000620b0000 - 0x00000000620bf000 	C:\Program Files\Java\jdk1.8.0_144\jre\bin\verify.dll
0x0000000061fc0000 - 0x0000000061fe9000 	C:\Program Files\Java\jdk1.8.0_144\jre\bin\java.dll
0x0000000061fa0000 - 0x0000000061fb6000 	C:\Program Files\Java\jdk1.8.0_144\jre\bin\zip.dll
0x000007fefcf40000 - 0x000007fefdcca000 	C:\Windows\system32\SHELL32.dll
0x000007fefe600000 - 0x000007fefe7fc000 	C:\Windows\system32\ole32.dll
0x000007fefcaf0000 - 0x000007fefcaff000 	C:\Windows\system32\profapi.dll
0x000007fef7df0000 - 0x000007fef7f15000 	C:\Windows\system32\dbghelp.dll

VM Arguments:
jvm_args: -Dapplication.home=C:\Program Files\Java\jdk1.8.0_144 -Xms8m 
java_command: com.sun.tools.javac.Main -d C:\Users\Home\Documents\NetBeansProjects\Smile_trial\build\classes -classpath C:\Users\Home\Documents\NetBeansProjects\Smile_trial\build\classes;E:\AED\mainproject\Smile\db4o-8.0.249.16098-all-java5.jar;C:\Users\Home\Downloads\jcalendar-1.4.jar;C:\Users\Home\Documents\NetBeansProjects\Smile_trial\commons-lang3-3.7.jar;C:\Users\Home\Documents\NetBeansProjects\Smile_trial\org.apache.commons.io.jar;C:\Users\Home\Downloads\commons-lang3-3.7\commons-lang3-3.7.jar;C:\Users\Home\Documents\NetBeansProjects\Smile_trial\jfreechart-1.0.19-experimental.jar;C:\Users\Home\Documents\NetBeansProjects\Smile_trial\jfreechart-1.0.19-swt.jar;C:\Users\Home\Documents\NetBeansProjects\Smile_trial\jfreechart-1.0.19.jar;C:\Users\Home\Documents\NetBeansProjects\Smile_trial\jfreesvg-2.0.jar;C:\Users\Home\Documents\NetBeansProjects\Smile_trial\hamcrest-core-1.3.jar;C:\Users\Home\Documents\NetBeansProjects\Smile_trial\orsoncharts-1.4-eval-nofx.jar;C:\Users\Home\Documents\NetBeansProjects\Smile_trial\orsonpdf-1.6-eval.jar;C:\Users\Home\Documents\NetBeansProjects\Smile_trial\servlet.jar;C:\Users\Home\Documents\NetBeansProjects\Smile_trial\swtgraphics2d.jar;C:\Users\Home\Documents\NetBeansProjects\Smile_trial\junit-4.11.jar;C:\Users\Home\Documents\NetBeansProjects\Smile_trial\jcommon-1.0.23.jar -sourcepath C:\Users\Home\Documents\NetBeansProjects\Smile_trial\build\empty -target 1.8 -encoding UTF-8 -g -processorpath E:\AED\mainproject\Smile\db4o-8.0.249.16098-all-java5.jar;C:\Users\Home\Downloads\jcalendar-1.4.jar;C:\Users\Home\Documents\NetBeansProjects\Smile_trial\commons-lang3-3.7.jar;C:\Users\Home\Documents\NetBeansProjects\Smile_trial\org.apache.commons.io.jar;C:\Users\Home\Downloads\commons-lang3-3.7\commons-lang3-3.7.jar;C:\Users\Home\Documents\NetBeansProjects\Smile_trial\jfreechart-1.0.19-experimental.jar;C:\Users\Home\Documents\NetBeansProjects\Smile_trial\jfreechart-1.0.19-swt.jar;C:\Users\Home\Documents\NetBeansProjects\Smile_trial\jfreechart-
java_class_path (initial): C:\Program Files\Java\jdk1.8.0_144/lib/tools.jar;C:\Program Files\Java\jdk1.8.0_144/classes
Launcher Type: SUN_STANDARD

Environment Variables:
PATH=C:\Windows\system32;C:\Windows;C:\Windows\System32\Wbem;C:\Windows\System32\WindowsPowerShell\v1.0\;C:\Program Files (x86)\ATI Technologies\ATI.ACE\Core-Static;C:\Program Files\Git\cmd;C:\Program Files\MySQL\MySQL Utilities 1.6\
USERNAME=Home
OS=Windows_NT
PROCESSOR_IDENTIFIER=Intel64 Family 6 Model 42 Stepping 7, GenuineIntel



---------------  S Y S T E M  ---------------

OS: Windows 7 , 64 bit Build 7601 (6.1.7601.23915)

CPU:total 4 (initial active 4) (2 cores per cpu, 2 threads per core) family 6 model 42 stepping 7, cmov, cx8, fxsr, mmx, sse, sse2, sse3, ssse3, sse4.1, sse4.2, popcnt, avx, aes, clmul, ht, tsc, tscinvbit

Memory: 4k page, physical 8335216k(2381196k free), swap 16668572k(8477408k free)

vm_info: Java HotSpot(TM) 64-Bit Server VM (25.144-b01) for windows-amd64 JRE (1.8.0_144-b01), built on Jul 21 2017 21:57:33 by "java_re" with MS VC++ 10.0 (VS2010)

time: Tue Dec 12 03:00:01 2017
elapsed time: 1 seconds (0d 0h 0m 1s)

